This is XeTeX, Version 3.141592653-2.6-0.999994 (TeX Live 2022) (preloaded format=xelatex 2022.7.7)  7 JUL 2022 14:44
entering extended mode
 restricted \write18 enabled.
 %&-line parsing enabled.
**Chapitre4.tex
(./Chapitre4.tex
LaTeX2e <2022-06-01> patch level 5
L3 programming layer <2022-07-04> (/Users/elodielemaire/Library/TinyTeX/texmf-dist/tex/latex/base/report.cls
Document Class: report 2021/10/04 v1.4n Standard LaTeX document class
(/Users/elodielemaire/Library/TinyTeX/texmf-dist/tex/latex/base/size10.clo
File: size10.clo 2021/10/04 v1.4n Standard LaTeX file (size option)
)
\c@part=\count181
\c@chapter=\count182
\c@section=\count183
\c@subsection=\count184
\c@subsubsection=\count185
\c@paragraph=\count186
\c@subparagraph=\count187
\c@figure=\count188
\c@table=\count189
\abovecaptionskip=\skip47
\belowcaptionskip=\skip48
\bibindent=\dimen138
) (/Users/elodielemaire/Library/TinyTeX/texmf-dist/tex/latex/amsmath/amsmath.sty
Package: amsmath 2022/04/08 v2.17n AMS math features
\@mathmargin=\skip49
For additional information on amsmath, use the `?' option.
(/Users/elodielemaire/Library/TinyTeX/texmf-dist/tex/latex/amsmath/amstext.sty
Package: amstext 2021/08/26 v2.01 AMS text
(/Users/elodielemaire/Library/TinyTeX/texmf-dist/tex/latex/amsmath/amsgen.sty
File: amsgen.sty 1999/11/30 v2.0 generic functions
\@emptytoks=\toks16
\ex@=\dimen139
)) (/Users/elodielemaire/Library/TinyTeX/texmf-dist/tex/latex/amsmath/amsbsy.sty
Package: amsbsy 1999/11/29 v1.2d Bold Symbols
\pmbraise@=\dimen140
) (/Users/elodielemaire/Library/TinyTeX/texmf-dist/tex/latex/amsmath/amsopn.sty
Package: amsopn 2022/04/08 v2.04 operator names
)
\inf@bad=\count190
LaTeX Info: Redefining \frac on input line 234.
\uproot@=\count191
\leftroot@=\count192
LaTeX Info: Redefining \overline on input line 399.
LaTeX Info: Redefining \colon on input line 410.
\classnum@=\count193
\DOTSCASE@=\count194
LaTeX Info: Redefining \ldots on input line 496.
LaTeX Info: Redefining \dots on input line 499.
LaTeX Info: Redefining \cdots on input line 620.
\Mathstrutbox@=\box51
\strutbox@=\box52
LaTeX Info: Redefining \big on input line 722.
LaTeX Info: Redefining \Big on input line 723.
LaTeX Info: Redefining \bigg on input line 724.
LaTeX Info: Redefining \Bigg on input line 725.
\big@size=\dimen141
LaTeX Font Info:    Redeclaring font encoding OML on input line 743.
LaTeX Font Info:    Redeclaring font encoding OMS on input line 744.
\macc@depth=\count195
LaTeX Info: Redefining \bmod on input line 905.
LaTeX Info: Redefining \pmod on input line 910.
LaTeX Info: Redefining \smash on input line 940.
LaTeX Info: Redefining \relbar on input line 970.
LaTeX Info: Redefining \Relbar on input line 971.
\c@MaxMatrixCols=\count196
\dotsspace@=\muskip16
\c@parentequation=\count197
\dspbrk@lvl=\count198
\tag@help=\toks17
\row@=\count199
\column@=\count266
\maxfields@=\count267
\andhelp@=\toks18
\eqnshift@=\dimen142
\alignsep@=\dimen143
\tagshift@=\dimen144
\tagwidth@=\dimen145
\totwidth@=\dimen146
\lineht@=\dimen147
\@envbody=\toks19
\multlinegap=\skip50
\multlinetaggap=\skip51
\mathdisplay@stack=\toks20
LaTeX Info: Redefining \[ on input line 2953.
LaTeX Info: Redefining \] on input line 2954.
) (/Users/elodielemaire/Library/TinyTeX/texmf-dist/tex/latex/amsfonts/amssymb.sty
Package: amssymb 2013/01/14 v3.01 AMS font symbols
(/Users/elodielemaire/Library/TinyTeX/texmf-dist/tex/latex/amsfonts/amsfonts.sty
Package: amsfonts 2013/01/14 v3.01 Basic AMSFonts support
\symAMSa=\mathgroup4
\symAMSb=\mathgroup5
LaTeX Font Info:    Redeclaring math symbol \hbar on input line 98.
LaTeX Font Info:    Overwriting math alphabet `\mathfrak' in version `bold'
(Font)                  U/euf/m/n --> U/euf/b/n on input line 106.
)) (/Users/elodielemaire/Library/TinyTeX/texmf-dist/tex/latex/lm/lmodern.sty
Package: lmodern 2015/05/01 v1.6.1 Latin Modern Fonts
LaTeX Font Info:    Overwriting symbol font `operators' in version `normal'
(Font)                  OT1/cmr/m/n --> OT1/lmr/m/n on input line 22.
LaTeX Font Info:    Overwriting symbol font `letters' in version `normal'
(Font)                  OML/cmm/m/it --> OML/lmm/m/it on input line 23.
LaTeX Font Info:    Overwriting symbol font `symbols' in version `normal'
(Font)                  OMS/cmsy/m/n --> OMS/lmsy/m/n on input line 24.
LaTeX Font Info:    Overwriting symbol font `largesymbols' in version `normal'
(Font)                  OMX/cmex/m/n --> OMX/lmex/m/n on input line 25.
LaTeX Font Info:    Overwriting symbol font `operators' in version `bold'
(Font)                  OT1/cmr/bx/n --> OT1/lmr/bx/n on input line 26.
LaTeX Font Info:    Overwriting symbol font `letters' in version `bold'
(Font)                  OML/cmm/b/it --> OML/lmm/b/it on input line 27.
LaTeX Font Info:    Overwriting symbol font `symbols' in version `bold'
(Font)                  OMS/cmsy/b/n --> OMS/lmsy/b/n on input line 28.
LaTeX Font Info:    Overwriting symbol font `largesymbols' in version `bold'
(Font)                  OMX/cmex/m/n --> OMX/lmex/m/n on input line 29.
LaTeX Font Info:    Overwriting math alphabet `\mathbf' in version `normal'
(Font)                  OT1/cmr/bx/n --> OT1/lmr/bx/n on input line 31.
LaTeX Font Info:    Overwriting math alphabet `\mathsf' in version `normal'
(Font)                  OT1/cmss/m/n --> OT1/lmss/m/n on input line 32.
LaTeX Font Info:    Overwriting math alphabet `\mathit' in version `normal'
(Font)                  OT1/cmr/m/it --> OT1/lmr/m/it on input line 33.
LaTeX Font Info:    Overwriting math alphabet `\mathtt' in version `normal'
(Font)                  OT1/cmtt/m/n --> OT1/lmtt/m/n on input line 34.
LaTeX Font Info:    Overwriting math alphabet `\mathbf' in version `bold'
(Font)                  OT1/cmr/bx/n --> OT1/lmr/bx/n on input line 35.
LaTeX Font Info:    Overwriting math alphabet `\mathsf' in version `bold'
(Font)                  OT1/cmss/bx/n --> OT1/lmss/bx/n on input line 36.
LaTeX Font Info:    Overwriting math alphabet `\mathit' in version `bold'
(Font)                  OT1/cmr/bx/it --> OT1/lmr/bx/it on input line 37.
LaTeX Font Info:    Overwriting math alphabet `\mathtt' in version `bold'
(Font)                  OT1/cmtt/m/n --> OT1/lmtt/m/n on input line 38.
) (/Users/elodielemaire/Library/TinyTeX/texmf-dist/tex/latex/setspace/setspace.sty
Package: setspace 2011/12/19 v6.7a set line spacing
) (/Users/elodielemaire/Library/TinyTeX/texmf-dist/tex/generic/iftex/iftex.sty
Package: iftex 2022/02/03 v1.0f TeX engine tests
) (/Users/elodielemaire/Library/TinyTeX/texmf-dist/tex/latex/unicode-math/unicode-math.sty (/Users/elodielemaire/Library/TinyTeX/texmf-dist/tex/latex/l3kernel/expl3.sty
Package: expl3 2022-07-04 L3 programming layer (loader) 
(/Users/elodielemaire/Library/TinyTeX/texmf-dist/tex/latex/l3backend/l3backend-xetex.def
File: l3backend-xetex.def 2022-07-01 L3 backend support: XeTeX
\g__graphics_track_int=\count268
\l__pdf_internal_box=\box53
\g__pdf_backend_object_int=\count269
\g__pdf_backend_annotation_int=\count270
\g__pdf_backend_link_int=\count271
))
Package: unicode-math 2020/01/31 v0.8q Unicode maths in XeLaTeX and LuaLaTeX
(/Users/elodielemaire/Library/TinyTeX/texmf-dist/tex/latex/unicode-math/unicode-math-xetex.sty
Package: unicode-math-xetex 2020/01/31 v0.8q Unicode maths in XeLaTeX and LuaLaTeX
(/Users/elodielemaire/Library/TinyTeX/texmf-dist/tex/latex/l3packages/xparse/xparse.sty
Package: xparse 2022-06-22 L3 Experimental document command parser
) (/Users/elodielemaire/Library/TinyTeX/texmf-dist/tex/latex/l3packages/l3keys2e/l3keys2e.sty
Package: l3keys2e 2022-06-22 LaTeX2e option processing using LaTeX3 keys
) (/Users/elodielemaire/Library/TinyTeX/texmf-dist/tex/latex/fontspec/fontspec.sty
Package: fontspec 2022/01/15 v2.8a Font selection for XeLaTeX and LuaLaTeX
(/Users/elodielemaire/Library/TinyTeX/texmf-dist/tex/latex/fontspec/fontspec-xetex.sty
Package: fontspec-xetex 2022/01/15 v2.8a Font selection for XeLaTeX and LuaLaTeX
\l__fontspec_script_int=\count272
\l__fontspec_language_int=\count273
\l__fontspec_strnum_int=\count274
\l__fontspec_tmp_int=\count275
\l__fontspec_tmpa_int=\count276
\l__fontspec_tmpb_int=\count277
\l__fontspec_tmpc_int=\count278
\l__fontspec_em_int=\count279
\l__fontspec_emdef_int=\count280
\l__fontspec_strong_int=\count281
\l__fontspec_strongdef_int=\count282
\l__fontspec_tmpa_dim=\dimen148
\l__fontspec_tmpb_dim=\dimen149
\l__fontspec_tmpc_dim=\dimen150
(/Users/elodielemaire/Library/TinyTeX/texmf-dist/tex/latex/base/fontenc.sty
Package: fontenc 2021/04/29 v2.0v Standard LaTeX package
) (/Users/elodielemaire/Library/TinyTeX/texmf-dist/tex/latex/fontspec/fontspec.cfg))) (/Users/elodielemaire/Library/TinyTeX/texmf-dist/tex/latex/base/fix-cm.sty
Package: fix-cm 2020/11/24 v1.1t fixes to LaTeX
(/Users/elodielemaire/Library/TinyTeX/texmf-dist/tex/latex/base/ts1enc.def
File: ts1enc.def 2001/06/05 v3.0e (jk/car/fm) Standard LaTeX file
LaTeX Font Info:    Redeclaring font encoding TS1 on input line 47.
))
\g__um_fam_int=\count283
\g__um_fonts_used_int=\count284
\l__um_primecount_int=\count285
\g__um_primekern_muskip=\muskip17
(/Users/elodielemaire/Library/TinyTeX/texmf-dist/tex/latex/unicode-math/unicode-math-table.tex)))

Package fontspec Info: Times New Roman scale = 0.963629354430423.


Package fontspec Info: Times New Roman scale = 0.963629354430423.


Package fontspec Info: Times New Roman/B scale = 0.944047646899576.


Package fontspec Info: Times New Roman/I scale = 1.001911883116192.


Package fontspec Info: Times New Roman/BI scale = 0.9818514257111176.


Package fontspec Info: Font family 'TimesNewRoman(0)' created for font 'Times
(fontspec)             New Roman' with options
(fontspec)             [Scale=MatchLowercase,Ligatures=TeX,Scale=1].
(fontspec)              
(fontspec)              This font family consists of the following NFSS
(fontspec)             series/shapes:
(fontspec)              
(fontspec)             - 'normal' (m/n) with NFSS spec.: <->s*[1]"Times New
(fontspec)             Roman/OT:script=latn;language=dflt;mapping=tex-text;"
(fontspec)             - 'small caps'  (m/sc) with NFSS spec.: 
(fontspec)             - 'bold' (b/n) with NFSS spec.: <->s*[1]"Times New
(fontspec)             Roman/B/OT:script=latn;language=dflt;mapping=tex-text;"
(fontspec)             - 'bold small caps'  (b/sc) with NFSS spec.: 
(fontspec)             - 'italic' (m/it) with NFSS spec.: <->s*[1]"Times New
(fontspec)             Roman/I/OT:script=latn;language=dflt;mapping=tex-text;"
(fontspec)             - 'italic small caps'  (m/scit) with NFSS spec.: 
(fontspec)             - 'bold italic' (b/it) with NFSS spec.: <->s*[1]"Times
(fontspec)             New
(fontspec)             Roman/BI/OT:script=latn;language=dflt;mapping=tex-text;"
(fontspec)             - 'bold italic small caps'  (b/scit) with NFSS spec.: 

LaTeX Font Info:    Font shape `TU/TimesNewRoman(0)/m/n' will be
(Font)              scaled to size 10.0pt on input line 22.

Package fontspec Info: Times New Roman scale = 0.9999965884395865.


Package fontspec Info: Times New Roman scale = 0.9999965884395865.


Package fontspec Info: Times New Roman/B scale = 0.9796758700672793.


Package fontspec Info: Times New Roman/I scale = 1.039723894282441.


Package fontspec Info: Times New Roman/BI scale = 1.018906358084128.


Package fontspec Info: Font family 'TimesNewRoman(1)' created for font 'Times
(fontspec)             New Roman' with options [Scale=MatchLowercase].
(fontspec)              
(fontspec)              This font family consists of the following NFSS
(fontspec)             series/shapes:
(fontspec)              
(fontspec)             - 'normal' (m/n) with NFSS spec.:
(fontspec)             <->s*[0.9999965884395865]"Times New
(fontspec)             Roman/OT:script=latn;language=dflt;"
(fontspec)             - 'small caps'  (m/sc) with NFSS spec.: 
(fontspec)             - 'bold' (b/n) with NFSS spec.:
(fontspec)             <->s*[0.9796758700672793]"Times New
(fontspec)             Roman/B/OT:script=latn;language=dflt;"
(fontspec)             - 'bold small caps'  (b/sc) with NFSS spec.: 
(fontspec)             - 'italic' (m/it) with NFSS spec.:
(fontspec)             <->s*[1.039723894282441]"Times New
(fontspec)             Roman/I/OT:script=latn;language=dflt;"
(fontspec)             - 'italic small caps'  (m/scit) with NFSS spec.: 
(fontspec)             - 'bold italic' (b/it) with NFSS spec.:
(fontspec)             <->s*[1.018906358084128]"Times New
(fontspec)             Roman/BI/OT:script=latn;language=dflt;"
(fontspec)             - 'bold italic small caps'  (b/scit) with NFSS spec.: 

LaTeX Font Info:    Overwriting math alphabet `\mathrm' in version `normal'
(Font)                  OT1/lmr/m/n --> TU/TimesNewRoman(1)/m/n on input line 22.
LaTeX Font Info:    Overwriting math alphabet `\mathit' in version `normal'
(Font)                  OT1/lmr/m/it --> TU/TimesNewRoman(1)/m/it on input line 22.
LaTeX Font Info:    Overwriting math alphabet `\mathbf' in version `normal'
(Font)                  OT1/lmr/bx/n --> TU/TimesNewRoman(1)/b/n on input line 22.
(/Users/elodielemaire/Library/TinyTeX/texmf-dist/tex/latex/xcolor/xcolor.sty
Package: xcolor 2022/06/12 v2.14 LaTeX color extensions (UK)
(/Users/elodielemaire/Library/TinyTeX/texmf-dist/tex/latex/graphics-cfg/color.cfg
File: color.cfg 2016/01/02 v1.6 sample color configuration
)
Package xcolor Info: Driver file: xetex.def on input line 227.
(/Users/elodielemaire/Library/TinyTeX/texmf-dist/tex/latex/graphics-def/xetex.def
File: xetex.def 2022/04/16 v5.0m Graphics/color driver for xetex
) (/Users/elodielemaire/Library/TinyTeX/texmf-dist/tex/latex/graphics/mathcolor.ltx)
Package xcolor Info: Model `cmy' substituted by `cmy0' on input line 1353.
Package xcolor Info: Model `RGB' extended on input line 1369.
Package xcolor Info: Model `HTML' substituted by `rgb' on input line 1371.
Package xcolor Info: Model `Hsb' substituted by `hsb' on input line 1372.
Package xcolor Info: Model `tHsb' substituted by `hsb' on input line 1373.
Package xcolor Info: Model `HSB' substituted by `hsb' on input line 1374.
Package xcolor Info: Model `Gray' substituted by `gray' on input line 1375.
Package xcolor Info: Model `wave' substituted by `hsb' on input line 1376.
) (/Users/elodielemaire/Library/TinyTeX/texmf-dist/tex/latex/hyperref/hyperref.sty
Package: hyperref 2022-06-20 v7.00s Hypertext links for LaTeX
(/Users/elodielemaire/Library/TinyTeX/texmf-dist/tex/generic/ltxcmds/ltxcmds.sty
Package: ltxcmds 2020-05-10 v1.25 LaTeX kernel commands for general use (HO)
) (/Users/elodielemaire/Library/TinyTeX/texmf-dist/tex/generic/pdftexcmds/pdftexcmds.sty
Package: pdftexcmds 2020-06-27 v0.33 Utility functions of pdfTeX for LuaTeX (HO)
(/Users/elodielemaire/Library/TinyTeX/texmf-dist/tex/generic/infwarerr/infwarerr.sty
Package: infwarerr 2019/12/03 v1.5 Providing info/warning/error messages (HO)
)
Package pdftexcmds Info: \pdf@primitive is available.
Package pdftexcmds Info: \pdf@ifprimitive is available.
Package pdftexcmds Info: \pdfdraftmode not found.
) (/Users/elodielemaire/Library/TinyTeX/texmf-dist/tex/latex/graphics/keyval.sty
Package: keyval 2022/05/29 v1.15 key=value parser (DPC)
\KV@toks@=\toks21
) (/Users/elodielemaire/Library/TinyTeX/texmf-dist/tex/generic/kvsetkeys/kvsetkeys.sty
Package: kvsetkeys 2019/12/15 v1.18 Key value parser (HO)
) (/Users/elodielemaire/Library/TinyTeX/texmf-dist/tex/generic/kvdefinekeys/kvdefinekeys.sty
Package: kvdefinekeys 2019-12-19 v1.6 Define keys (HO)
) (/Users/elodielemaire/Library/TinyTeX/texmf-dist/tex/generic/pdfescape/pdfescape.sty
Package: pdfescape 2019/12/09 v1.15 Implements pdfTeX's escape features (HO)
) (/Users/elodielemaire/Library/TinyTeX/texmf-dist/tex/latex/hycolor/hycolor.sty
Package: hycolor 2020-01-27 v1.10 Color options for hyperref/bookmark (HO)
) (/Users/elodielemaire/Library/TinyTeX/texmf-dist/tex/latex/letltxmacro/letltxmacro.sty
Package: letltxmacro 2019/12/03 v1.6 Let assignment for LaTeX macros (HO)
) (/Users/elodielemaire/Library/TinyTeX/texmf-dist/tex/latex/auxhook/auxhook.sty
Package: auxhook 2019-12-17 v1.6 Hooks for auxiliary files (HO)
) (/Users/elodielemaire/Library/TinyTeX/texmf-dist/tex/latex/hyperref/nameref.sty
Package: nameref 2022-05-17 v2.50 Cross-referencing by name of section
(/Users/elodielemaire/Library/TinyTeX/texmf-dist/tex/latex/refcount/refcount.sty
Package: refcount 2019/12/15 v3.6 Data extraction from label references (HO)
) (/Users/elodielemaire/Library/TinyTeX/texmf-dist/tex/generic/gettitlestring/gettitlestring.sty
Package: gettitlestring 2019/12/15 v1.6 Cleanup title references (HO)
(/Users/elodielemaire/Library/TinyTeX/texmf-dist/tex/latex/kvoptions/kvoptions.sty
Package: kvoptions 2022-06-15 v3.15 Key value format for package options (HO)
))
\c@section@level=\count286
)
\@linkdim=\dimen151
\Hy@linkcounter=\count287
\Hy@pagecounter=\count288
(/Users/elodielemaire/Library/TinyTeX/texmf-dist/tex/latex/hyperref/pd1enc.def
File: pd1enc.def 2022-06-20 v7.00s Hyperref: PDFDocEncoding definition (HO)
) (/Users/elodielemaire/Library/TinyTeX/texmf-dist/tex/generic/intcalc/intcalc.sty
Package: intcalc 2019/12/15 v1.3 Expandable calculations with integers (HO)
) (/Users/elodielemaire/Library/TinyTeX/texmf-dist/tex/generic/etexcmds/etexcmds.sty
Package: etexcmds 2019/12/15 v1.7 Avoid name clashes with e-TeX commands (HO)
)
\Hy@SavedSpaceFactor=\count289
(/Users/elodielemaire/Library/TinyTeX/texmf-dist/tex/latex/hyperref/puenc.def
File: puenc.def 2022-06-20 v7.00s Hyperref: PDF Unicode definition (HO)
)
Package hyperref Info: Option `unicode' set `true' on input line 4045.
Package hyperref Info: Hyper figures OFF on input line 4162.
Package hyperref Info: Link nesting OFF on input line 4167.
Package hyperref Info: Hyper index ON on input line 4170.
Package hyperref Info: Plain pages OFF on input line 4177.
Package hyperref Info: Backreferencing OFF on input line 4182.
Package hyperref Info: Implicit mode ON; LaTeX internals redefined.
Package hyperref Info: Bookmarks ON on input line 4408.
\c@Hy@tempcnt=\count290
(/Users/elodielemaire/Library/TinyTeX/texmf-dist/tex/latex/url/url.sty
\Urlmuskip=\muskip18
Package: url 2013/09/16  ver 3.4  Verb mode for urls, etc.
)
LaTeX Info: Redefining \url on input line 4746.
\XeTeXLinkMargin=\dimen152
(/Users/elodielemaire/Library/TinyTeX/texmf-dist/tex/generic/bitset/bitset.sty
Package: bitset 2019/12/09 v1.3 Handle bit-vector datatype (HO)
(/Users/elodielemaire/Library/TinyTeX/texmf-dist/tex/generic/bigintcalc/bigintcalc.sty
Package: bigintcalc 2019/12/15 v1.5 Expandable calculations on big integers (HO)
))
\Fld@menulength=\count291
\Field@Width=\dimen153
\Fld@charsize=\dimen154
Package hyperref Info: Hyper figures OFF on input line 6024.
Package hyperref Info: Link nesting OFF on input line 6029.
Package hyperref Info: Hyper index ON on input line 6032.
Package hyperref Info: backreferencing OFF on input line 6039.
Package hyperref Info: Link coloring OFF on input line 6044.
Package hyperref Info: Link coloring with OCG OFF on input line 6049.
Package hyperref Info: PDF/A mode OFF on input line 6054.
(/Users/elodielemaire/Library/TinyTeX/texmf-dist/tex/latex/base/atbegshi-ltx.sty
Package: atbegshi-ltx 2021/01/10 v1.0c Emulation of the original atbegshi
package with kernel methods
)
\Hy@abspage=\count292
\c@Item=\count293
\c@Hfootnote=\count294
)
Package hyperref Info: Driver (autodetected): hxetex.
(/Users/elodielemaire/Library/TinyTeX/texmf-dist/tex/latex/hyperref/hxetex.def
File: hxetex.def 2022-06-20 v7.00s Hyperref driver for XeTeX
(/Users/elodielemaire/Library/TinyTeX/texmf-dist/tex/generic/stringenc/stringenc.sty
Package: stringenc 2019/11/29 v1.12 Convert strings between diff. encodings (HO)
)
\pdfm@box=\box54
\c@Hy@AnnotLevel=\count295
\HyField@AnnotCount=\count296
\Fld@listcount=\count297
\c@bookmark@seq@number=\count298
(/Users/elodielemaire/Library/TinyTeX/texmf-dist/tex/latex/rerunfilecheck/rerunfilecheck.sty
Package: rerunfilecheck 2019/12/05 v1.9 Rerun checks for auxiliary files (HO)
(/Users/elodielemaire/Library/TinyTeX/texmf-dist/tex/latex/base/atveryend-ltx.sty
Package: atveryend-ltx 2020/08/19 v1.0a Emulation of the original atveryend package
with kernel methods
) (/Users/elodielemaire/Library/TinyTeX/texmf-dist/tex/generic/uniquecounter/uniquecounter.sty
Package: uniquecounter 2019/12/15 v1.4 Provide unlimited unique counter (HO)
)
Package uniquecounter Info: New unique counter `rerunfilecheck' on input line 286.
)
\Hy@SectionHShift=\skip52
) (/Users/elodielemaire/Library/TinyTeX/texmf-dist/tex/latex/geometry/geometry.sty
Package: geometry 2020/01/02 v5.9 Page Geometry
(/Users/elodielemaire/Library/TinyTeX/texmf-dist/tex/generic/iftex/ifvtex.sty
Package: ifvtex 2019/10/25 v1.7 ifvtex legacy package. Use iftex instead.
)
\Gm@cnth=\count299
\Gm@cntv=\count300
\c@Gm@tempcnt=\count301
\Gm@bindingoffset=\dimen155
\Gm@wd@mp=\dimen156
\Gm@odd@mp=\dimen157
\Gm@even@mp=\dimen158
\Gm@layoutwidth=\dimen159
\Gm@layoutheight=\dimen160
\Gm@layouthoffset=\dimen161
\Gm@layoutvoffset=\dimen162
\Gm@dimlist=\toks22
) (/Users/elodielemaire/Library/TinyTeX/texmf-dist/tex/latex/tools/longtable.sty
Package: longtable 2021-09-01 v4.17 Multi-page Table package (DPC)
\LTleft=\skip53
\LTright=\skip54
\LTpre=\skip55
\LTpost=\skip56
\LTchunksize=\count302
\LTcapwidth=\dimen163
\LT@head=\box55
\LT@firsthead=\box56
\LT@foot=\box57
\LT@lastfoot=\box58
\LT@gbox=\box59
\LT@cols=\count303
\LT@rows=\count304
\c@LT@tables=\count305
\c@LT@chunks=\count306
\LT@p@ftn=\toks23
) (/Users/elodielemaire/Library/TinyTeX/texmf-dist/tex/latex/booktabs/booktabs.sty
Package: booktabs 2020/01/12 v1.61803398 Publication quality tables
\heavyrulewidth=\dimen164
\lightrulewidth=\dimen165
\cmidrulewidth=\dimen166
\belowrulesep=\dimen167
\belowbottomsep=\dimen168
\aboverulesep=\dimen169
\abovetopsep=\dimen170
\cmidrulesep=\dimen171
\cmidrulekern=\dimen172
\defaultaddspace=\dimen173
\@cmidla=\count307
\@cmidlb=\count308
\@aboverulesep=\dimen174
\@belowrulesep=\dimen175
\@thisruleclass=\count309
\@lastruleclass=\count310
\@thisrulewidth=\dimen176
) (/Users/elodielemaire/Library/TinyTeX/texmf-dist/tex/latex/tools/array.sty
Package: array 2022/03/10 v2.5f Tabular extension package (FMi)
\col@sep=\dimen177
\ar@mcellbox=\box60
\extrarowheight=\dimen178
\NC@list=\toks24
\extratabsurround=\skip57
\backup@length=\skip58
\ar@cellbox=\box61
) (/Users/elodielemaire/Library/TinyTeX/texmf-dist/tex/latex/tools/calc.sty
Package: calc 2017/05/25 v4.3 Infix arithmetic (KKT,FJ)
\calc@Acount=\count311
\calc@Bcount=\count312
\calc@Adimen=\dimen179
\calc@Bdimen=\dimen180
\calc@Askip=\skip59
\calc@Bskip=\skip60
LaTeX Info: Redefining \setlength on input line 80.
LaTeX Info: Redefining \addtolength on input line 81.
\calc@Ccount=\count313
\calc@Cskip=\skip61
) (/Users/elodielemaire/Library/TinyTeX/texmf-dist/tex/latex/etoolbox/etoolbox.sty
Package: etoolbox 2020/10/05 v2.5k e-TeX tools for LaTeX (JAW)
\etb@tempcnta=\count314
) (/Users/elodielemaire/Library/TinyTeX/texmf-dist/tex/latex/mdwtools/footnote.sty
Package: footnote 1997/01/28 1.13 Save footnotes around boxes
\fn@notes=\box62
\fn@width=\dimen181
) (/Users/elodielemaire/Library/TinyTeX/texmf-dist/tex/latex/graphics/graphicx.sty
Package: graphicx 2021/09/16 v1.2d Enhanced LaTeX Graphics (DPC,SPQR)
(/Users/elodielemaire/Library/TinyTeX/texmf-dist/tex/latex/graphics/graphics.sty
Package: graphics 2022/03/10 v1.4e Standard LaTeX Graphics (DPC,SPQR)
(/Users/elodielemaire/Library/TinyTeX/texmf-dist/tex/latex/graphics/trig.sty
Package: trig 2021/08/11 v1.11 sin cos tan (DPC)
) (/Users/elodielemaire/Library/TinyTeX/texmf-dist/tex/latex/graphics-cfg/graphics.cfg
File: graphics.cfg 2016/06/04 v1.11 sample graphics configuration
)
Package graphics Info: Driver file: xetex.def on input line 107.
)
\Gin@req@height=\dimen182
\Gin@req@width=\dimen183
)
\cslhangindent=\skip62
\csllabelwidth=\skip63
\cslentryspacingunit=\skip64
(/Users/elodielemaire/Library/TinyTeX/texmf-dist/tex/latex/ragged2e/ragged2e.sty
Package: ragged2e 2021/12/15 v3.1 ragged2e Package
\CenteringLeftskip=\skip65
\RaggedLeftLeftskip=\skip66
\RaggedRightLeftskip=\skip67
\CenteringRightskip=\skip68
\RaggedLeftRightskip=\skip69
\RaggedRightRightskip=\skip70
\CenteringParfillskip=\skip71
\RaggedLeftParfillskip=\skip72
\RaggedRightParfillskip=\skip73
\JustifyingParfillskip=\skip74
\CenteringParindent=\skip75
\RaggedLeftParindent=\skip76
\RaggedRightParindent=\skip77
\JustifyingParindent=\skip78
) (/Users/elodielemaire/Library/TinyTeX/texmf-dist/tex/xelatex/xunicode/xunicode.sty
File: xunicode.sty 2011/09/09 v0.981 provides access to latin accents and many other characters in Unicode lower plane
(/Users/elodielemaire/Library/TinyTeX/texmf-dist/tex/latex/tipa/t3enc.def
File: t3enc.def 2001/12/31 T3 encoding
LaTeX Font Info:    Font shape `TU/TimesNewRoman(0)/m/sl' in size <10> not available
(Font)              Font shape `TU/TimesNewRoman(0)/m/it' tried instead on input line 316.
LaTeX Font Info:    Font shape `TU/TimesNewRoman(0)/m/it' will be
(Font)              scaled to size 10.0pt on input line 316.
LaTeX Font Info:    Font shape `TU/TimesNewRoman(0)/b/n' will be
(Font)              scaled to size 10.0pt on input line 356.
)
\tipaTiiicode=\count315
\tipasavetokens=\toks25
\tipachecktokens=\toks26
) (/Users/elodielemaire/Library/TinyTeX/texmf-dist/tex/generic/babel/babel.sty
Package: babel 2022/06/26 3.77 The Babel package
\babel@savecnt=\count316
\U@D=\dimen184
\l@unhyphenated=\language4
(/Users/elodielemaire/Library/TinyTeX/texmf-dist/tex/generic/babel/xebabel.def (/Users/elodielemaire/Library/TinyTeX/texmf-dist/tex/generic/babel/txtbabel.def))
\bbl@readstream=\read2
\bbl@dirlevel=\count317
(/Users/elodielemaire/Library/TinyTeX/texmf-dist/tex/generic/babel-french/french.ldf
Language: french 2022/04/18 v3.5n French support from the babel system
Package babel Info: Hyphen rules for 'acadian' set to \l@french
(babel)             (\language3). Reported on input line 91.
Package babel Info: Hyphen rules for 'canadien' set to \l@french
(babel)             (\language3). Reported on input line 92.
\FB@nonchar=\count318
Package french.ldf Info: No need for active punctuation characters
(french.ldf)             with this version of XeTeX!
(french.ldf)             reported on input line 332.
\FB@punctthick=\XeTeXcharclass1
\FB@punctthin=\XeTeXcharclass2
\FB@punctnul=\XeTeXcharclass3
\FB@guilo=\XeTeXcharclass4
\FB@guilf=\XeTeXcharclass5
\FB@guilnul=\XeTeXcharclass6
\FBguill@level=\count319
\FBold@everypar=\toks27
\FB@Mht=\dimen185
\mc@charclass=\count320
\mc@charfam=\count321
\mc@charslot=\count322
\std@mcc=\count323
\dec@mcc=\count324
\listindentFB=\dimen186
\descindentFB=\dimen187
\labelindentFB=\dimen188
\labelwidthFB=\dimen189
\leftmarginFB=\dimen190
\parindentFFN=\dimen191
\FBfnindent=\dimen192
)) (/Users/elodielemaire/Library/TinyTeX/texmf-dist/tex/generic/babel/locale/fr/babel-french.tex
Package babel Info: Importing font and identification data for french
(babel)             from babel-fr.ini. Reported on input line 11.
) (/Users/elodielemaire/Library/TinyTeX/texmf-dist/tex/latex/carlisle/scalefnt.sty) (/Users/elodielemaire/Library/TinyTeX/texmf-dist/tex/latex/caption/caption.sty
Package: caption 2022/03/01 v3.6b Customizing captions (AR)
(/Users/elodielemaire/Library/TinyTeX/texmf-dist/tex/latex/caption/caption3.sty
Package: caption3 2022/03/17 v2.3b caption3 kernel (AR)
\caption@tempdima=\dimen193
\captionmargin=\dimen194
\caption@leftmargin=\dimen195
\caption@rightmargin=\dimen196
\caption@width=\dimen197
\caption@indent=\dimen198
\caption@parindent=\dimen199
\caption@hangindent=\dimen256
Package caption Info: Standard document class detected.
Package caption Info: french babel package is loaded.
)
\c@caption@flags=\count325
\c@continuedfloat=\count326
Package caption Info: hyperref package is loaded.
Package caption Info: longtable package is loaded.
(/Users/elodielemaire/Library/TinyTeX/texmf-dist/tex/latex/caption/ltcaption.sty
Package: ltcaption 2021/01/08 v1.4c longtable captions (AR)
)) (/Users/elodielemaire/Library/TinyTeX/texmf-dist/tex/latex/caption/subcaption.sty
Package: subcaption 2022/01/07 v1.5 Sub-captions (AR)
\c@subfigure=\count327
\c@subtable=\count328
) (/Users/elodielemaire/Library/TinyTeX/texmf-dist/tex/latex/footmisc/footmisc.sty
Package: footmisc 2022/03/08 v6.0d a miscellany of footnote facilities
\FN@temptoken=\toks28
\footnotemargin=\dimen257
\@outputbox@depth=\dimen258
Package footmisc Info: Declaring symbol style bringhurst on input line 695.
Package footmisc Info: Declaring symbol style chicago on input line 703.
Package footmisc Info: Declaring symbol style wiley on input line 712.
Package footmisc Info: Declaring symbol style lamport-robust on input line 723.
Package footmisc Info: Declaring symbol style lamport* on input line 743.
Package footmisc Info: Declaring symbol style lamport*-robust on input line 764.
) (/Users/elodielemaire/Library/TinyTeX/texmf-dist/tex/latex/mdframed/mdframed.sty
Package: mdframed 2013/07/01 1.9b: mdframed
(/Users/elodielemaire/Library/TinyTeX/texmf-dist/tex/latex/zref/zref-abspage.sty
Package: zref-abspage 2022-04-07 v2.34 Module abspage for zref (HO)
(/Users/elodielemaire/Library/TinyTeX/texmf-dist/tex/latex/zref/zref-base.sty
Package: zref-base 2022-04-07 v2.34 Module base for zref (HO)
Package zref Info: New property list: main on input line 767.
Package zref Info: New property: default on input line 768.
Package zref Info: New property: page on input line 769.
)
\c@abspage=\count329
Package zref Info: New property: abspage on input line 65.
) (/Users/elodielemaire/Library/TinyTeX/texmf-dist/tex/latex/needspace/needspace.sty
Package: needspace 2010/09/12 v1.3d reserve vertical space
)
\mdf@templength=\skip79
\c@mdf@globalstyle@cnt=\count330
\mdf@skipabove@length=\skip80
\mdf@skipbelow@length=\skip81
\mdf@leftmargin@length=\skip82
\mdf@rightmargin@length=\skip83
\mdf@innerleftmargin@length=\skip84
\mdf@innerrightmargin@length=\skip85
\mdf@innertopmargin@length=\skip86
\mdf@innerbottommargin@length=\skip87
\mdf@splittopskip@length=\skip88
\mdf@splitbottomskip@length=\skip89
\mdf@outermargin@length=\skip90
\mdf@innermargin@length=\skip91
\mdf@linewidth@length=\skip92
\mdf@innerlinewidth@length=\skip93
\mdf@middlelinewidth@length=\skip94
\mdf@outerlinewidth@length=\skip95
\mdf@roundcorner@length=\skip96
\mdf@footenotedistance@length=\skip97
\mdf@userdefinedwidth@length=\skip98
\mdf@needspace@length=\skip99
\mdf@frametitleaboveskip@length=\skip100
\mdf@frametitlebelowskip@length=\skip101
\mdf@frametitlerulewidth@length=\skip102
\mdf@frametitleleftmargin@length=\skip103
\mdf@frametitlerightmargin@length=\skip104
\mdf@shadowsize@length=\skip105
\mdf@extratopheight@length=\skip106
\mdf@subtitleabovelinewidth@length=\skip107
\mdf@subtitlebelowlinewidth@length=\skip108
\mdf@subtitleaboveskip@length=\skip109
\mdf@subtitlebelowskip@length=\skip110
\mdf@subtitleinneraboveskip@length=\skip111
\mdf@subtitleinnerbelowskip@length=\skip112
\mdf@subsubtitleabovelinewidth@length=\skip113
\mdf@subsubtitlebelowlinewidth@length=\skip114
\mdf@subsubtitleaboveskip@length=\skip115
\mdf@subsubtitlebelowskip@length=\skip116
\mdf@subsubtitleinneraboveskip@length=\skip117
\mdf@subsubtitleinnerbelowskip@length=\skip118
(/Users/elodielemaire/Library/TinyTeX/texmf-dist/tex/latex/mdframed/md-frame-0.mdf
File: md-frame-0.mdf 2013/07/01\ 1.9b: md-frame-0
)
\mdf@frametitlebox=\box63
\mdf@footnotebox=\box64
\mdf@splitbox@one=\box65
\mdf@splitbox@two=\box66
\mdf@splitbox@save=\box67
\mdfsplitboxwidth=\skip119
\mdfsplitboxtotalwidth=\skip120
\mdfsplitboxheight=\skip121
\mdfsplitboxdepth=\skip122
\mdfsplitboxtotalheight=\skip123
\mdfframetitleboxwidth=\skip124
\mdfframetitleboxtotalwidth=\skip125
\mdfframetitleboxheight=\skip126
\mdfframetitleboxdepth=\skip127
\mdfframetitleboxtotalheight=\skip128
\mdffootnoteboxwidth=\skip129
\mdffootnoteboxtotalwidth=\skip130
\mdffootnoteboxheight=\skip131
\mdffootnoteboxdepth=\skip132
\mdffootnoteboxtotalheight=\skip133
\mdftotallinewidth=\skip134
\mdfboundingboxwidth=\skip135
\mdfboundingboxtotalwidth=\skip136
\mdfboundingboxheight=\skip137
\mdfboundingboxdepth=\skip138
\mdfboundingboxtotalheight=\skip139
\mdf@freevspace@length=\skip140
\mdf@horizontalwidthofbox@length=\skip141
\mdf@verticalmarginwhole@length=\skip142
\mdf@horizontalspaceofbox=\skip143
\mdfsubtitleheight=\skip144
\mdfsubsubtitleheight=\skip145
\c@mdfcountframes=\count331

****** mdframed patching \endmdf@trivlist

****** -- success******

\mdf@envdepth=\count332
\c@mdf@env@i=\count333
\c@mdf@env@ii=\count334
\c@mdf@zref@counter=\count335
Package zref Info: New property: mdf@pagevalue on input line 895.
) (/Users/elodielemaire/Library/TinyTeX/texmf-dist/tex/latex/base/inputenc.sty
Package: inputenc 2021/02/14 v1.3d Input encoding file
\inpenc@prehook=\toks29
\inpenc@posthook=\toks30

Package inputenc Warning: inputenc package ignored with utf8 based engines.

) (/Users/elodielemaire/Library/TinyTeX/texmf-dist/tex/latex/chngcntr/chngcntr.sty
Package: chngcntr 2018/04/09 v1.1a change counter resetting
Package chngcntr Info: \counterwithout already defined.
(chngcntr)             Quitting chngcntr on input line 21.
) (/Users/elodielemaire/Library/TinyTeX/texmf-dist/tex/latex/appendix/appendix.sty
Package: appendix 2020/02/08 v1.2c extra appendix facilities
\c@@pps=\count336
\c@@ppsavesec=\count337
\c@@ppsaveapp=\count338
) (/Users/elodielemaire/Library/TinyTeX/texmf-dist/tex/latex/fancyhdr/fancyhdr.sty
Package: fancyhdr 2022/05/18 v4.0.3 Extensive control of page headers and footers
\f@nch@headwidth=\skip146
\f@nch@O@elh=\skip147
\f@nch@O@erh=\skip148
\f@nch@O@olh=\skip149
\f@nch@O@orh=\skip150
\f@nch@O@elf=\skip151
\f@nch@O@erf=\skip152
\f@nch@O@olf=\skip153
\f@nch@O@orf=\skip154
)

Package fancyhdr Warning: \fancyhead's `E' option without twoside option is useless on input line 131.

(/Users/elodielemaire/Library/TinyTeX/texmf-dist/tex/latex/amscls/amsthm.sty
Package: amsthm 2020/05/29 v2.20.6
\thm@style=\toks31
\thm@bodyfont=\toks32
\thm@headfont=\toks33
\thm@notefont=\toks34
\thm@headpunct=\toks35
\thm@preskip=\skip155
\thm@postskip=\skip156
\thm@headsep=\skip157
\dth@everypar=\toks36
)
\c@hyp=\count339
(/Users/elodielemaire/Library/TinyTeX/texmf-dist/tex/latex/natbib/natbib.sty
Package: natbib 2010/09/13 8.31b (PWD, AO)
\bibhang=\skip158
\bibsep=\skip159
LaTeX Info: Redefining \cite on input line 694.
\c@NAT@ctr=\count340
) (/Users/elodielemaire/Library/TinyTeX/texmf-dist/tex/latex/multirow/multirow.sty
Package: multirow 2021/03/15 v2.8 Span multiple rows of a table
\multirow@colwidth=\skip160
\multirow@cntb=\count341
\multirow@dima=\skip161
\bigstrutjot=\dimen259
) (/Users/elodielemaire/Library/TinyTeX/texmf-dist/tex/latex/tools/multicol.sty
Package: multicol 2021/11/30 v1.9d multicolumn formatting (FMi)
\c@tracingmulticols=\count342
\mult@box=\box68
\multicol@leftmargin=\dimen260
\c@unbalance=\count343
\c@collectmore=\count344
\doublecol@number=\count345
\multicoltolerance=\count346
\multicolpretolerance=\count347
\full@width=\dimen261
\page@free=\dimen262
\premulticols=\dimen263
\postmulticols=\dimen264
\multicolsep=\skip162
\multicolbaselineskip=\skip163
\partial@page=\box69
\last@line=\box70
\maxbalancingoverflow=\dimen265
\mult@rightbox=\box71
\mult@grightbox=\box72
\mult@firstbox=\box73
\mult@gfirstbox=\box74
\@tempa=\box75
\@tempa=\box76
\@tempa=\box77
\@tempa=\box78
\@tempa=\box79
\@tempa=\box80
\@tempa=\box81
\@tempa=\box82
\@tempa=\box83
\@tempa=\box84
\@tempa=\box85
\@tempa=\box86
\@tempa=\box87
\@tempa=\box88
\@tempa=\box89
\@tempa=\box90
\@tempa=\box91
\@tempa=\box92
\@tempa=\box93
\@tempa=\box94
\@tempa=\box95
\@tempa=\box96
\@tempa=\box97
\@tempa=\box98
\@tempa=\box99
\@tempa=\box100
\@tempa=\box101
\@tempa=\box102
\@tempa=\box103
\@tempa=\box104
\@tempa=\box105
\@tempa=\box106
\@tempa=\box107
\@tempa=\box108
\@tempa=\box109
\@tempa=\box110
\c@minrows=\count348
\c@columnbadness=\count349
\c@finalcolumnbadness=\count350
\last@try=\dimen266
\multicolovershoot=\dimen267
\multicolundershoot=\dimen268
\mult@nat@firstbox=\box111
\colbreak@box=\box112
\mc@col@check@num=\count351
) (/Users/elodielemaire/Library/TinyTeX/texmf-dist/tex/latex/colortbl/colortbl.sty
Package: colortbl 2020/01/04 v1.0e Color table columns (DPC)
\everycr=\toks37
\minrowclearance=\skip164
) (/Users/elodielemaire/Library/TinyTeX/texmf-dist/tex/latex/tools/hhline.sty
Package: hhline 2020/01/04 v2.04 Table rule package (DPC)
)

LaTeX Warning: Unused global option(s):
    [12].

(./Chapitre4.aux)
\openout1 = `Chapitre4.aux'.

LaTeX Font Info:    Checking defaults for OML/cmm/m/it on input line 152.
LaTeX Font Info:    ... okay on input line 152.
LaTeX Font Info:    Checking defaults for OMS/cmsy/m/n on input line 152.
LaTeX Font Info:    ... okay on input line 152.
LaTeX Font Info:    Checking defaults for OT1/cmr/m/n on input line 152.
LaTeX Font Info:    ... okay on input line 152.
LaTeX Font Info:    Checking defaults for T1/cmr/m/n on input line 152.
LaTeX Font Info:    ... okay on input line 152.
LaTeX Font Info:    Checking defaults for TS1/cmr/m/n on input line 152.
LaTeX Font Info:    ... okay on input line 152.
LaTeX Font Info:    Checking defaults for TU/lmr/m/n on input line 152.
LaTeX Font Info:    ... okay on input line 152.
LaTeX Font Info:    Checking defaults for OMX/cmex/m/n on input line 152.
LaTeX Font Info:    ... okay on input line 152.
LaTeX Font Info:    Checking defaults for U/cmr/m/n on input line 152.
LaTeX Font Info:    ... okay on input line 152.
LaTeX Font Info:    Checking defaults for PD1/pdf/m/n on input line 152.
LaTeX Font Info:    ... okay on input line 152.
LaTeX Font Info:    Checking defaults for PU/pdf/m/n on input line 152.
LaTeX Font Info:    ... okay on input line 152.
LaTeX Font Info:    Checking defaults for T3/cmr/m/n on input line 152.
LaTeX Font Info:    Trying to load font information for T3+cmr on input line 152.
(/Users/elodielemaire/Library/TinyTeX/texmf-dist/tex/latex/tipa/t3cmr.fd
File: t3cmr.fd 2001/12/31 TIPA font definitions
)
LaTeX Font Info:    ... okay on input line 152.
LaTeX Font Info:    Overwriting math alphabet `\mathsf' in version `normal'
(Font)                  OT1/lmss/m/n --> TU/lmss/m/n on input line 152.
LaTeX Font Info:    Overwriting math alphabet `\mathsf' in version `bold'
(Font)                  OT1/lmss/bx/n --> TU/lmss/b/n on input line 152.
LaTeX Font Info:    Overwriting math alphabet `\mathtt' in version `normal'
(Font)                  OT1/lmtt/m/n --> TU/lmtt/m/n on input line 152.
LaTeX Font Info:    Overwriting math alphabet `\mathtt' in version `bold'
(Font)                  OT1/lmtt/m/n --> TU/lmtt/b/n on input line 152.

Package fontspec Info: latinmodern-math scale = 1.037736183048279.


Package fontspec Info: latinmodern-math scale = 1.037736183048279.


Package fontspec Info: latinmodern-math scale = 1.037736183048279.


Package fontspec Info: Font family 'latinmodern-math.otf(0)' created for font
(fontspec)             'latinmodern-math.otf' with options
(fontspec)             [Scale=MatchLowercase,BoldItalicFont={},ItalicFont={},SmallCapsFont={},Script=Math,BoldFont={latinmodern-math.otf}].
(fontspec)              
(fontspec)              This font family consists of the following NFSS
(fontspec)             series/shapes:
(fontspec)              
(fontspec)             - 'normal' (m/n) with NFSS spec.:
(fontspec)             <->s*[1.037736183048279]"[latinmodern-math.otf]/OT:script=math;language=dflt;"
(fontspec)             - 'small caps'  (m/sc) with NFSS spec.: 
(fontspec)             - 'bold' (b/n) with NFSS spec.:
(fontspec)             <->s*[1.037736183048279]"[latinmodern-math.otf]/OT:script=math;language=dflt;"
(fontspec)             - 'bold small caps'  (b/sc) with NFSS spec.: 

LaTeX Font Info:    Font shape `TU/latinmodern-math.otf(0)/m/n' will be
(Font)              scaled to size 10.37735pt on input line 152.

Package fontspec Info: latinmodern-math scale = 1.037736183048279.


Package fontspec Info: latinmodern-math scale = 1.037736183048279.


Package fontspec Info: latinmodern-math scale = 1.037736183048279.


Package fontspec Info: latinmodern-math scale = 1.037736183048279.


Package fontspec Info: latinmodern-math scale = 1.037736183048279.


Package fontspec Info: Font family 'latinmodern-math.otf(1)' created for font
(fontspec)             'latinmodern-math.otf' with options
(fontspec)             [Scale=MatchLowercase,BoldItalicFont={},ItalicFont={},SmallCapsFont={},Script=Math,SizeFeatures={{Size=8.5-},{Size=6-8.5,Font=latinmodern-math.otf,Style=MathScript},{Size=-6,Font=latinmodern-math.otf,Style=MathScriptScript}},BoldFont={latinmodern-math.otf}].
(fontspec)              
(fontspec)              This font family consists of the following NFSS
(fontspec)             series/shapes:
(fontspec)              
(fontspec)             - 'normal' (m/n) with NFSS spec.:
(fontspec)             <8.5->s*[1.037736183048279]"[latinmodern-math.otf]/OT:script=math;language=dflt;"<6-8.5>s*[1.037736183048279]"[latinmodern-math.otf]/OT:script=math;language=dflt;+ssty=0;"<-6>s*[1.037736183048279]"[latinmodern-math.otf]/OT:script=math;language=dflt;+ssty=1;"
(fontspec)             - 'small caps'  (m/sc) with NFSS spec.: 
(fontspec)             - 'bold' (b/n) with NFSS spec.:
(fontspec)             <->s*[1.037736183048279]"[latinmodern-math.otf]/OT:script=math;language=dflt;"
(fontspec)             - 'bold small caps'  (b/sc) with NFSS spec.: 

LaTeX Font Info:    Font shape `TU/latinmodern-math.otf(1)/m/n' will be
(Font)              scaled to size 10.37735pt on input line 152.
LaTeX Font Info:    Encoding `OT1' has changed to `TU' for symbol font
(Font)              `operators' in the math version `normal' on input line 152.
LaTeX Font Info:    Overwriting symbol font `operators' in version `normal'
(Font)                  OT1/lmr/m/n --> TU/latinmodern-math.otf(1)/m/n on input line 152.
LaTeX Font Info:    Encoding `OT1' has changed to `TU' for symbol font
(Font)              `operators' in the math version `bold' on input line 152.
LaTeX Font Info:    Overwriting symbol font `operators' in version `bold'
(Font)                  OT1/lmr/bx/n --> TU/latinmodern-math.otf(1)/b/n on input line 152.

Package fontspec Info: latinmodern-math scale = 1.037736183048279.


Package fontspec Info: latinmodern-math scale = 1.037839956666584.


Package fontspec Info: latinmodern-math scale = 1.037736183048279.


Package fontspec Info: latinmodern-math scale = 1.037839956666584.


Package fontspec Info: latinmodern-math scale = 1.037736183048279.


Package fontspec Info: latinmodern-math scale = 1.037839956666584.


Package fontspec Info: latinmodern-math scale = 1.037736183048279.


Package fontspec Info: latinmodern-math scale = 1.037839956666584.


Package fontspec Info: latinmodern-math scale = 1.037736183048279.


Package fontspec Info: latinmodern-math scale = 1.037839956666584.


Package fontspec Info: Font family 'latinmodern-math.otf(2)' created for font
(fontspec)             'latinmodern-math.otf' with options
(fontspec)             [Scale=MatchLowercase,BoldItalicFont={},ItalicFont={},SmallCapsFont={},Script=Math,SizeFeatures={{Size=8.5-},{Size=6-8.5,Font=latinmodern-math.otf,Style=MathScript},{Size=-6,Font=latinmodern-math.otf,Style=MathScriptScript}},BoldFont={latinmodern-math.otf},ScaleAgain=1.0001,FontAdjustment={\fontdimen
(fontspec)             8\font =7.02547pt\relax \fontdimen 9\font
(fontspec)             =4.08867pt\relax \fontdimen 10\font =4.60754pt\relax
(fontspec)             \fontdimen 11\font =7.11887pt\relax \fontdimen 12\font
(fontspec)             =3.58018pt\relax \fontdimen 13\font =3.76698pt\relax
(fontspec)             \fontdimen 14\font =3.76698pt\relax \fontdimen 15\font
(fontspec)             =2.99905pt\relax \fontdimen 16\font =2.5632pt\relax
(fontspec)             \fontdimen 17\font =2.5632pt\relax \fontdimen 18\font
(fontspec)             =2.59435pt\relax \fontdimen 19\font =2.07547pt\relax
(fontspec)             \fontdimen 22\font =2.59435pt\relax \fontdimen 20\font
(fontspec)             =0pt\relax \fontdimen 21\font =0pt\relax }].
(fontspec)              
(fontspec)              This font family consists of the following NFSS
(fontspec)             series/shapes:
(fontspec)              
(fontspec)             - 'normal' (m/n) with NFSS spec.:
(fontspec)             <8.5->s*[1.037839956666584]"[latinmodern-math.otf]/OT:script=math;language=dflt;"<6-8.5>s*[1.037839956666584]"[latinmodern-math.otf]/OT:script=math;language=dflt;+ssty=0;"<-6>s*[1.037839956666584]"[latinmodern-math.otf]/OT:script=math;language=dflt;+ssty=1;"
(fontspec)             - 'small caps'  (m/sc) with NFSS spec.: 
(fontspec)             and font adjustment code:
(fontspec)             \fontdimen 8\font =7.02547pt\relax \fontdimen 9\font
(fontspec)             =4.08867pt\relax \fontdimen 10\font =4.60754pt\relax
(fontspec)             \fontdimen 11\font =7.11887pt\relax \fontdimen 12\font
(fontspec)             =3.58018pt\relax \fontdimen 13\font =3.76698pt\relax
(fontspec)             \fontdimen 14\font =3.76698pt\relax \fontdimen 15\font
(fontspec)             =2.99905pt\relax \fontdimen 16\font =2.5632pt\relax
(fontspec)             \fontdimen 17\font =2.5632pt\relax \fontdimen 18\font
(fontspec)             =2.59435pt\relax \fontdimen 19\font =2.07547pt\relax
(fontspec)             \fontdimen 22\font =2.59435pt\relax \fontdimen 20\font
(fontspec)             =0pt\relax \fontdimen 21\font =0pt\relax 
(fontspec)             - 'bold' (b/n) with NFSS spec.:
(fontspec)             <->s*[1.037839956666584]"[latinmodern-math.otf]/OT:script=math;language=dflt;"
(fontspec)             - 'bold small caps'  (b/sc) with NFSS spec.: 
(fontspec)             and font adjustment code:
(fontspec)             \fontdimen 8\font =7.02547pt\relax \fontdimen 9\font
(fontspec)             =4.08867pt\relax \fontdimen 10\font =4.60754pt\relax
(fontspec)             \fontdimen 11\font =7.11887pt\relax \fontdimen 12\font
(fontspec)             =3.58018pt\relax \fontdimen 13\font =3.76698pt\relax
(fontspec)             \fontdimen 14\font =3.76698pt\relax \fontdimen 15\font
(fontspec)             =2.99905pt\relax \fontdimen 16\font =2.5632pt\relax
(fontspec)             \fontdimen 17\font =2.5632pt\relax \fontdimen 18\font
(fontspec)             =2.59435pt\relax \fontdimen 19\font =2.07547pt\relax
(fontspec)             \fontdimen 22\font =2.59435pt\relax \fontdimen 20\font
(fontspec)             =0pt\relax \fontdimen 21\font =0pt\relax 

LaTeX Font Info:    Encoding `OMS' has changed to `TU' for symbol font
(Font)              `symbols' in the math version `normal' on input line 152.
LaTeX Font Info:    Overwriting symbol font `symbols' in version `normal'
(Font)                  OMS/lmsy/m/n --> TU/latinmodern-math.otf(2)/m/n on input line 152.
LaTeX Font Info:    Encoding `OMS' has changed to `TU' for symbol font
(Font)              `symbols' in the math version `bold' on input line 152.
LaTeX Font Info:    Overwriting symbol font `symbols' in version `bold'
(Font)                  OMS/lmsy/b/n --> TU/latinmodern-math.otf(2)/b/n on input line 152.

Package fontspec Info: latinmodern-math scale = 1.037736183048279.


Package fontspec Info: latinmodern-math scale = 1.037632409429974.


Package fontspec Info: latinmodern-math scale = 1.037736183048279.


Package fontspec Info: latinmodern-math scale = 1.037632409429974.


Package fontspec Info: latinmodern-math scale = 1.037736183048279.


Package fontspec Info: latinmodern-math scale = 1.037632409429974.


Package fontspec Info: latinmodern-math scale = 1.037736183048279.


Package fontspec Info: latinmodern-math scale = 1.037632409429974.


Package fontspec Info: latinmodern-math scale = 1.037736183048279.


Package fontspec Info: latinmodern-math scale = 1.037632409429974.


Package fontspec Info: Font family 'latinmodern-math.otf(3)' created for font
(fontspec)             'latinmodern-math.otf' with options
(fontspec)             [Scale=MatchLowercase,BoldItalicFont={},ItalicFont={},SmallCapsFont={},Script=Math,SizeFeatures={{Size=8.5-},{Size=6-8.5,Font=latinmodern-math.otf,Style=MathScript},{Size=-6,Font=latinmodern-math.otf,Style=MathScriptScript}},BoldFont={latinmodern-math.otf},ScaleAgain=0.9999,FontAdjustment={\fontdimen
(fontspec)             8\font =0.4151pt\relax \fontdimen 9\font
(fontspec)             =2.07547pt\relax \fontdimen 10\font =1.73302pt\relax
(fontspec)             \fontdimen 11\font =1.15189pt\relax \fontdimen 12\font
(fontspec)             =6.22641pt\relax \fontdimen 13\font =0pt\relax }].
(fontspec)              
(fontspec)              This font family consists of the following NFSS
(fontspec)             series/shapes:
(fontspec)              
(fontspec)             - 'normal' (m/n) with NFSS spec.:
(fontspec)             <8.5->s*[1.037632409429974]"[latinmodern-math.otf]/OT:script=math;language=dflt;"<6-8.5>s*[1.037632409429974]"[latinmodern-math.otf]/OT:script=math;language=dflt;+ssty=0;"<-6>s*[1.037632409429974]"[latinmodern-math.otf]/OT:script=math;language=dflt;+ssty=1;"
(fontspec)             - 'small caps'  (m/sc) with NFSS spec.: 
(fontspec)             and font adjustment code:
(fontspec)             \fontdimen 8\font =0.4151pt\relax \fontdimen 9\font
(fontspec)             =2.07547pt\relax \fontdimen 10\font =1.73302pt\relax
(fontspec)             \fontdimen 11\font =1.15189pt\relax \fontdimen 12\font
(fontspec)             =6.22641pt\relax \fontdimen 13\font =0pt\relax 
(fontspec)             - 'bold' (b/n) with NFSS spec.:
(fontspec)             <->s*[1.037632409429974]"[latinmodern-math.otf]/OT:script=math;language=dflt;"
(fontspec)             - 'bold small caps'  (b/sc) with NFSS spec.: 
(fontspec)             and font adjustment code:
(fontspec)             \fontdimen 8\font =0.4151pt\relax \fontdimen 9\font
(fontspec)             =2.07547pt\relax \fontdimen 10\font =1.73302pt\relax
(fontspec)             \fontdimen 11\font =1.15189pt\relax \fontdimen 12\font
(fontspec)             =6.22641pt\relax \fontdimen 13\font =0pt\relax 

LaTeX Font Info:    Encoding `OMX' has changed to `TU' for symbol font
(Font)              `largesymbols' in the math version `normal' on input line 152.
LaTeX Font Info:    Overwriting symbol font `largesymbols' in version `normal'
(Font)                  OMX/lmex/m/n --> TU/latinmodern-math.otf(3)/m/n on input line 152.
LaTeX Font Info:    Encoding `OMX' has changed to `TU' for symbol font
(Font)              `largesymbols' in the math version `bold' on input line 152.
LaTeX Font Info:    Overwriting symbol font `largesymbols' in version `bold'
(Font)                  OMX/lmex/m/n --> TU/latinmodern-math.otf(3)/b/n on input line 152.
Package hyperref Info: Link coloring OFF on input line 152.
(./Chapitre4.out) (./Chapitre4.out)
\@outlinefile=\write3
\openout3 = `Chapitre4.out'.

*geometry* driver: auto-detecting
*geometry* detected driver: xetex
*geometry* verbose mode - [ preamble ] result:
* driver: xetex
* paper: a4paper
* layout: <same size as paper>
* layoutoffset:(h,v)=(0.0pt,0.0pt)
* modes: 
* h-part:(L,W,R)=(71.13188pt, 455.24411pt, 71.13188pt)
* v-part:(T,H,B)=(71.13188pt, 702.78308pt, 71.13188pt)
* \paperwidth=597.50787pt
* \paperheight=845.04684pt
* \textwidth=455.24411pt
* \textheight=702.78308pt
* \oddsidemargin=-1.1381pt
* \evensidemargin=-1.1381pt
* \topmargin=-38.1381pt
* \headheight=12.0pt
* \headsep=25.0pt
* \topskip=10.0pt
* \footskip=30.0pt
* \marginparwidth=57.0pt
* \marginparsep=11.0pt
* \columnsep=10.0pt
* \skip\footins=9.0pt plus 4.0pt minus 2.0pt
* \hoffset=0.0pt
* \voffset=0.0pt
* \mag=1000
* \@twocolumnfalse
* \@twosidefalse
* \@mparswitchfalse
* \@reversemarginfalse
* (1in=72.27pt=25.4mm, 1cm=28.453pt)

*** you should *not* be loading the inputenc package
*** XeTeX expects the source to be in UTF8 encoding
*** some features of other encodings may conflict, resulting in poor output.
LaTeX Info: Redefining \up on input line 152.
Package caption Info: Begin \AtBeginDocument code.
Package caption Info: End \AtBeginDocument code.
Chapitre 1.
LaTeX Font Info:    Font shape `TU/TimesNewRoman(0)/m/n' will be
(Font)              scaled to size 20.74pt on input line 158.
LaTeX Font Info:    Font shape `TU/TimesNewRoman(0)/b/n' will be
(Font)              scaled to size 20.74pt on input line 158.
LaTeX Font Info:    Font shape `TU/TimesNewRoman(0)/b/n' will be
(Font)              scaled to size 24.88pt on input line 158.
LaTeX Font Info:    Font shape `TU/TimesNewRoman(0)/m/n' will be
(Font)              scaled to size 14.4pt on input line 179.
LaTeX Font Info:    Font shape `TU/TimesNewRoman(0)/b/n' will be
(Font)              scaled to size 14.4pt on input line 179.
LaTeX Font Info:    Font shape `TU/TimesNewRoman(0)/m/n' will be
(Font)              scaled to size 12.0pt on input line 183.
LaTeX Font Info:    Font shape `TU/TimesNewRoman(0)/b/n' will be
(Font)              scaled to size 12.0pt on input line 183.
LaTeX Font Info:    Font shape `TU/latinmodern-math.otf(1)/m/n' will be
(Font)              scaled to size 7.26414pt on input line 192.
LaTeX Font Info:    Font shape `TU/latinmodern-math.otf(1)/m/n' will be
(Font)              scaled to size 5.18867pt on input line 192.
LaTeX Font Info:    Trying to load font information for OML+lmm on input line 192.
(/Users/elodielemaire/Library/TinyTeX/texmf-dist/tex/latex/lm/omllmm.fd
File: omllmm.fd 2015/05/01 v1.6.1 Font defs for Latin Modern
)
LaTeX Font Info:    Font shape `TU/latinmodern-math.otf(2)/m/n' will be
(Font)              scaled to size 10.37842pt on input line 192.
LaTeX Font Info:    Font shape `TU/latinmodern-math.otf(2)/m/n' will be
(Font)              scaled to size 7.2649pt on input line 192.
LaTeX Font Info:    Font shape `TU/latinmodern-math.otf(2)/m/n' will be
(Font)              scaled to size 5.18921pt on input line 192.
LaTeX Font Info:    Font shape `TU/latinmodern-math.otf(3)/m/n' will be
(Font)              scaled to size 10.37628pt on input line 192.
LaTeX Font Info:    Font shape `TU/latinmodern-math.otf(3)/m/n' will be
(Font)              scaled to size 7.2634pt on input line 192.
LaTeX Font Info:    Font shape `TU/latinmodern-math.otf(3)/m/n' will be
(Font)              scaled to size 5.18814pt on input line 192.
LaTeX Font Info:    Trying to load font information for U+msa on input line 192.
(/Users/elodielemaire/Library/TinyTeX/texmf-dist/tex/latex/amsfonts/umsa.fd
File: umsa.fd 2013/01/14 v3.01 AMS symbols A
)
LaTeX Font Info:    Trying to load font information for U+msb on input line 192.
(/Users/elodielemaire/Library/TinyTeX/texmf-dist/tex/latex/amsfonts/umsb.fd
File: umsb.fd 2013/01/14 v3.01 AMS symbols B
)
LaTeX Font Info:    Font shape `TU/TimesNewRoman(0)/m/n' will be
(Font)              scaled to size 7.0pt on input line 192.
LaTeX Font Info:    Font shape `TU/TimesNewRoman(0)/m/n' will be
(Font)              scaled to size 8.0pt on input line 199.
[1


]

LaTeX Font Warning: Font shape `TU/TimesNewRoman(0)/m/sc' undefined
(Font)              using `TU/TimesNewRoman(0)/m/n' instead on input line 261.


LaTeX Font Warning: Font shape `TU/TimesNewRoman(0)/b/sc' undefined
(Font)              using `TU/TimesNewRoman(0)/b/n' instead on input line 261.

LaTeX Font Info:    Font shape `TU/TimesNewRoman(0)/m/sc' will be
(Font)              scaled to size 10.0pt on input line 261.
LaTeX Font Info:    Font shape `TU/TimesNewRoman(0)/b/sc' will be
(Font)              scaled to size 10.0pt on input line 261.

Package fancyhdr Warning: \headheight is too small (12.0pt): 
(fancyhdr)                Make it at least 24.39886pt, for example:
(fancyhdr)                \setlength{\headheight}{24.39886pt}.
(fancyhdr)                You might also make \topmargin smaller to compensate:
(fancyhdr)                \addtolength{\topmargin}{-12.39886pt}.

[2]
File: Chapitre4_files/figure-latex/unnamed-chunk-3-1.pdf Graphic file (type pdf)
<use Chapitre4_files/figure-latex/unnamed-chunk-3-1.pdf>
LaTeX Font Info:    Font shape `TU/TimesNewRoman(0)/m/n' will be
(Font)              scaled to size 9.0pt on input line 318.

Package fancyhdr Warning: \headheight is too small (12.0pt): 
(fancyhdr)                Make it at least 24.39886pt, for example:
(fancyhdr)                \setlength{\headheight}{24.39886pt}.
(fancyhdr)                You might also make \topmargin smaller to compensate:
(fancyhdr)                \addtolength{\topmargin}{-12.39886pt}.

[3]
LaTeX Font Info:    Font shape `TU/TimesNewRoman(0)/m/n' will be
(Font)              scaled to size 11.0pt on input line 347.

Package fontspec Info: Times scale = 0.9897018604180031.


Package fontspec Info: Times scale = 0.9897018604180031.


Package fontspec Info: Times/B scale = 0.9750073329966708.


Package fontspec Info: Times/I scale = 1.005943337066768.


Package fontspec Info: Times/BI scale = 0.9698661452850053.


Package fontspec Info: Font family 'Times(0)' created for font 'Times' with
(fontspec)             options [Scale=MatchLowercase,Ligatures=TeX,Scale=1].
(fontspec)              
(fontspec)              This font family consists of the following NFSS
(fontspec)             series/shapes:
(fontspec)              
(fontspec)             - 'normal' (m/n) with NFSS spec.:
(fontspec)             <->s*[1]"Times/AAT:mapping=tex-text;"
(fontspec)             - 'small caps'  (m/sc) with NFSS spec.: 
(fontspec)             - 'bold' (b/n) with NFSS spec.:
(fontspec)             <->s*[1]"Times/B/AAT:mapping=tex-text;"
(fontspec)             - 'bold small caps'  (b/sc) with NFSS spec.: 
(fontspec)             - 'italic' (m/it) with NFSS spec.:
(fontspec)             <->s*[1]"Times/I/AAT:mapping=tex-text;"
(fontspec)             - 'italic small caps'  (m/scit) with NFSS spec.: 
(fontspec)             - 'bold italic' (b/it) with NFSS spec.:
(fontspec)             <->s*[1]"Times/BI/AAT:mapping=tex-text;"
(fontspec)             - 'bold italic small caps'  (b/scit) with NFSS spec.: 

LaTeX Font Info:    Font shape `TU/Times(0)/m/n' will be
(Font)              scaled to size 11.0pt on input line 347.

Package fontspec Info: Times scale = 0.9897018604180031.


Package fontspec Info: Times scale = 0.9897018604180031.


Package fontspec Info: Times scale = 0.9897018604180031.


Package fontspec Info: Times scale = 0.9897018604180031.


Package fontspec Info: Times scale = 0.9897018604180031.


Package fontspec Info: Times scale = 0.9897018604180031.


Package fontspec Info: Times scale = 0.9897018604180031.


Package fontspec Info: Times scale = 0.9897018604180031.


Package fontspec Info: Times scale = 0.9897018604180031.


Package fontspec Info: Times scale = 0.9897018604180031.


Package fontspec Info: Times scale = 0.9897018604180031.


Package fontspec Info: Times scale = 0.9897018604180031.


Package fontspec Info: Times scale = 0.9897018604180031.


Package fontspec Info: Times scale = 0.9897018604180033.

LaTeX Font Info:    Font shape `TU/Times(0)/m/n' will be
(Font)              scaled to size 9.0pt on input line 371.

Package fontspec Info: Times scale = 0.9897018604180032.

LaTeX Font Info:    Font shape `TU/Times(0)/m/n' will be
(Font)              scaled to size 10.0pt on input line 377.
LaTeX Font Info:    Font shape `TU/Times(0)/b/n' will be
(Font)              scaled to size 10.0pt on input line 377.

Package fontspec Info: Times scale = 0.9897018604180032.


Package fontspec Info: Times scale = 0.9897018604180032.


Package fontspec Info: Times scale = 0.9897018604180032.


Package fontspec Info: Times scale = 0.9897018604180032.


Package fontspec Info: Times scale = 0.9897018604180032.


Package fontspec Info: Times scale = 0.9897018604180032.


Package fontspec Info: Times scale = 0.9897018604180032.


Package fontspec Info: Times scale = 0.9897018604180032.


Package fontspec Info: Times scale = 0.9897018604180032.


Package fontspec Info: Times scale = 0.9897018604180032.


Package fontspec Info: Times scale = 0.9897018604180032.


Package fontspec Info: Times scale = 0.9897018604180032.


Package fontspec Info: Times scale = 0.9897018604180032.


Package fontspec Info: Times scale = 0.9897018604180032.


Package fontspec Info: Times scale = 0.9897018604180032.


Package fontspec Info: Times scale = 0.9897018604180032.


Package fontspec Info: Times scale = 0.9897018604180032.


Package fontspec Info: Times scale = 0.9897018604180032.


Package fontspec Info: Times scale = 0.9897018604180032.


Package fontspec Info: Times scale = 0.9897018604180032.


Package fontspec Info: Times scale = 0.9897018604180032.


Package fontspec Info: Times scale = 0.9897018604180032.


Package fontspec Info: Times scale = 0.9897018604180032.


Package fontspec Info: Times scale = 0.9897018604180032.


Package fontspec Info: Times scale = 0.9897018604180032.


Package fontspec Info: Times scale = 0.9897018604180032.


Package fontspec Info: Times scale = 0.9897018604180032.


Package fontspec Info: Times scale = 0.9897018604180032.


Package fontspec Info: Times scale = 0.9897018604180032.


Package fontspec Info: Times scale = 0.9897018604180032.


Package fontspec Info: Times scale = 0.9897018604180032.


Package fontspec Info: Times scale = 0.9897018604180032.


Package fontspec Info: Times scale = 0.9897018604180032.


Package fontspec Info: Times scale = 0.9897018604180032.


Package fontspec Info: Times scale = 0.9897018604180032.


Package fontspec Info: Times scale = 0.9897018604180032.


Package fontspec Info: Times scale = 0.9897018604180032.


Package fontspec Info: Times scale = 0.9897018604180032.


Package fontspec Info: Times scale = 0.9897018604180032.


Package fontspec Info: Times scale = 0.9897018604180032.


Package fontspec Info: Times scale = 0.9897018604180032.


Package fontspec Info: Times scale = 0.9897018604180032.


Package fontspec Info: Times scale = 0.9897018604180032.


Package fontspec Info: Times scale = 0.9897018604180032.


Package fontspec Info: Times scale = 0.9897018604180032.


Package fontspec Info: Times scale = 0.9897018604180032.


Package fontspec Info: Times scale = 0.9897018604180032.


Package fontspec Info: Times scale = 0.9897018604180032.


Package fontspec Info: Times scale = 0.9897018604180032.


Package fontspec Info: Times scale = 0.9897018604180032.


Package fontspec Info: Times scale = 0.9897018604180032.


Package fontspec Info: Times scale = 0.9897018604180032.


Package fontspec Info: Times scale = 0.9897018604180032.


Package fontspec Info: Times scale = 0.9897018604180032.


Package fontspec Info: Times scale = 0.9897018604180032.


Package fontspec Info: Times scale = 0.9897018604180032.


Package fontspec Info: Times scale = 0.9897018604180032.


Package fontspec Info: Times scale = 0.9897018604180032.


Package fontspec Info: Times scale = 0.9897018604180032.


Package fontspec Info: Times scale = 0.9897018604180032.


Package fontspec Info: Times scale = 0.9897018604180032.


Package fontspec Info: Times scale = 0.9897018604180032.


Package fontspec Info: Times scale = 0.9897018604180032.


Package fontspec Info: Times scale = 0.9897018604180032.


Package fontspec Info: Times scale = 0.9897018604180032.


Package fontspec Info: Times scale = 0.9897018604180032.


Package fontspec Info: Times scale = 0.9897018604180032.


Package fontspec Info: Times scale = 0.9897018604180032.


Package fontspec Info: Times scale = 0.9897018604180032.


Package fontspec Info: Times scale = 0.9897018604180032.


Package fontspec Info: Times scale = 0.9897018604180032.


Package fontspec Info: Times scale = 0.9897018604180032.


Package fontspec Info: Times scale = 0.9897018604180032.


Package fontspec Info: Times scale = 0.9897018604180032.


Package fontspec Info: Times scale = 0.9897018604180032.


Package fontspec Info: Times scale = 0.9897018604180032.


Package fontspec Info: Times scale = 0.9897018604180032.


Package fontspec Info: Times scale = 0.9897018604180032.


Package fontspec Info: Times scale = 0.9897018604180032.


Package fontspec Info: Times scale = 0.9897018604180032.


Package fontspec Info: Times scale = 0.9897018604180032.


Package fontspec Info: Times scale = 0.9897018604180032.


Package fontspec Info: Times scale = 0.9897018604180032.


Package fontspec Info: Times scale = 0.9897018604180032.


Package fancyhdr Warning: \headheight is too small (12.0pt): 
(fancyhdr)                Make it at least 24.39886pt, for example:
(fancyhdr)                \setlength{\headheight}{24.39886pt}.
(fancyhdr)                You might also make \topmargin smaller to compensate:
(fancyhdr)                \addtolength{\topmargin}{-12.39886pt}.

[4]

Package fancyhdr Warning: \headheight is too small (12.0pt): 
(fancyhdr)                Make it at least 24.39886pt, for example:
(fancyhdr)                \setlength{\headheight}{24.39886pt}.
(fancyhdr)                You might also make \topmargin smaller to compensate:
(fancyhdr)                \addtolength{\topmargin}{-12.39886pt}.

[5]

Package fontspec Info: Times scale = 0.9897018604180031.


Package fontspec Info: Times scale = 0.9897018604180031.


Package fontspec Info: Times scale = 0.9897018604180031.


Package fontspec Info: Times scale = 0.9897018604180031.


Package fontspec Info: Times scale = 0.9897018604180031.


Package fontspec Info: Times scale = 0.9897018604180031.


Package fontspec Info: Times scale = 0.9897018604180031.


Package fontspec Info: Times scale = 0.9897018604180031.


Package fontspec Info: Times scale = 0.9897018604180031.


Package fontspec Info: Times scale = 0.9897018604180031.


Package fontspec Info: Times scale = 0.9897018604180031.


Package fontspec Info: Times scale = 0.9897018604180031.


Package fontspec Info: Times scale = 0.9897018604180031.


Package fontspec Info: Times scale = 0.9897018604180031.


Package fontspec Info: Times scale = 0.9897018604180033.


Package fontspec Info: Times scale = 0.9897018604180032.


Package fontspec Info: Times scale = 0.9897018604180032.


Package fontspec Info: Times scale = 0.9897018604180032.


Package fontspec Info: Times scale = 0.9897018604180032.


Package fontspec Info: Times scale = 0.9897018604180032.


Package fontspec Info: Times scale = 0.9897018604180032.


Package fontspec Info: Times scale = 0.9897018604180032.


Package fontspec Info: Times scale = 0.9897018604180032.


Package fontspec Info: Times scale = 0.9897018604180032.


Package fontspec Info: Times scale = 0.9897018604180032.


Package fontspec Info: Times scale = 0.9897018604180032.


Package fontspec Info: Times scale = 0.9897018604180032.


Package fontspec Info: Times scale = 0.9897018604180032.


Package fontspec Info: Times scale = 0.9897018604180032.


Package fontspec Info: Times scale = 0.9897018604180032.


Package fontspec Info: Times scale = 0.9897018604180032.


Package fontspec Info: Times scale = 0.9897018604180032.


Package fontspec Info: Times scale = 0.9897018604180032.


Package fontspec Info: Times scale = 0.9897018604180032.


Package fontspec Info: Times scale = 0.9897018604180032.


Package fontspec Info: Times scale = 0.9897018604180032.


Package fontspec Info: Times scale = 0.9897018604180032.


Package fontspec Info: Times scale = 0.9897018604180032.


Package fontspec Info: Times scale = 0.9897018604180032.


Package fontspec Info: Times scale = 0.9897018604180032.


Package fontspec Info: Times scale = 0.9897018604180032.


Package fontspec Info: Times scale = 0.9897018604180032.


Package fontspec Info: Times scale = 0.9897018604180032.


Package fontspec Info: Times scale = 0.9897018604180032.


Package fontspec Info: Times scale = 0.9897018604180032.


Package fontspec Info: Times scale = 0.9897018604180032.


Package fontspec Info: Times scale = 0.9897018604180032.


Package fontspec Info: Times scale = 0.9897018604180032.


Package fontspec Info: Times scale = 0.9897018604180032.


Package fontspec Info: Times scale = 0.9897018604180032.


Package fontspec Info: Times scale = 0.9897018604180032.


Package fontspec Info: Times scale = 0.9897018604180032.


Package fontspec Info: Times scale = 0.9897018604180032.


Package fontspec Info: Times scale = 0.9897018604180032.


Package fontspec Info: Times scale = 0.9897018604180032.


Package fontspec Info: Times scale = 0.9897018604180032.


Package fontspec Info: Times scale = 0.9897018604180032.


Package fontspec Info: Times scale = 0.9897018604180032.


Package fontspec Info: Times scale = 0.9897018604180032.


Package fontspec Info: Times scale = 0.9897018604180032.


Package fontspec Info: Times scale = 0.9897018604180032.


Package fontspec Info: Times scale = 0.9897018604180032.


Package fontspec Info: Times scale = 0.9897018604180032.


Package fontspec Info: Times scale = 0.9897018604180032.


Package fontspec Info: Times scale = 0.9897018604180032.


Package fontspec Info: Times scale = 0.9897018604180032.


Package fontspec Info: Times scale = 0.9897018604180032.


Package fontspec Info: Times scale = 0.9897018604180032.


Package fontspec Info: Times scale = 0.9897018604180032.


Package fontspec Info: Times scale = 0.9897018604180032.


Package fontspec Info: Times scale = 0.9897018604180032.


Package fontspec Info: Times scale = 0.9897018604180032.


Package fontspec Info: Times scale = 0.9897018604180032.


Package fontspec Info: Times scale = 0.9897018604180032.


Package fontspec Info: Times scale = 0.9897018604180032.


Package fontspec Info: Times scale = 0.9897018604180032.


Package fontspec Info: Times scale = 0.9897018604180032.


Package fontspec Info: Times scale = 0.9897018604180032.


Package fontspec Info: Times scale = 0.9897018604180032.


Package fontspec Info: Times scale = 0.9897018604180032.


Package fontspec Info: Times scale = 0.9897018604180032.


Package fontspec Info: Times scale = 0.9897018604180032.


Package fontspec Info: Times scale = 0.9897018604180032.


Package fontspec Info: Times scale = 0.9897018604180032.


Package fontspec Info: Times scale = 0.9897018604180032.


Package fontspec Info: Times scale = 0.9897018604180032.


Package fontspec Info: Times scale = 0.9897018604180032.


Package fontspec Info: Times scale = 0.9897018604180032.


Package fontspec Info: Times scale = 0.9897018604180032.


Package fontspec Info: Times scale = 0.9897018604180032.


Package fontspec Info: Times scale = 0.9897018604180032.


Package fontspec Info: Times scale = 0.9897018604180032.


Package fontspec Info: Times scale = 0.9897018604180032.


Package fontspec Info: Times scale = 0.9897018604180032.


Package fontspec Info: Times scale = 0.9897018604180032.


Package fontspec Info: Times scale = 0.9897018604180032.


Package fontspec Info: Times scale = 0.9897018604180032.


Package fontspec Info: Times scale = 0.9897018604180032.


Package fontspec Info: Times scale = 0.9897018604180032.


Package fontspec Info: Times scale = 0.9897018604180032.


Package fontspec Info: Times scale = 0.9897018604180032.


Package fontspec Info: Times scale = 0.9897018604180032.


Package fontspec Info: Times scale = 0.9897018604180032.


Package fontspec Info: Times scale = 0.9897018604180032.


Package fontspec Info: Times scale = 0.9897018604180032.


Package fontspec Info: Times scale = 0.9897018604180032.


Package fontspec Info: Times scale = 0.9897018604180032.


Package fontspec Info: Times scale = 0.9897018604180032.


Package fontspec Info: Times scale = 0.9897018604180032.


Package fontspec Info: Times scale = 0.9897018604180032.


Package fancyhdr Warning: \headheight is too small (12.0pt): 
(fancyhdr)                Make it at least 24.39886pt, for example:
(fancyhdr)                \setlength{\headheight}{24.39886pt}.
(fancyhdr)                You might also make \topmargin smaller to compensate:
(fancyhdr)                \addtolength{\topmargin}{-12.39886pt}.

[6]

Package fontspec Info: Times scale = 0.9897018604180031.


Package fontspec Info: Times scale = 0.9897018604180031.


Package fontspec Info: Times scale = 0.9897018604180031.


Package fontspec Info: Times scale = 0.9897018604180031.


Package fontspec Info: Times scale = 0.9897018604180031.


Package fontspec Info: Times scale = 0.9897018604180031.


Package fontspec Info: Times scale = 0.9897018604180031.


Package fontspec Info: Times scale = 0.9897018604180031.


Package fontspec Info: Times scale = 0.9897018604180031.


Package fontspec Info: Times scale = 0.9897018604180031.


Package fontspec Info: Times scale = 0.9897018604180031.


Package fontspec Info: Times scale = 0.9897018604180031.


Package fontspec Info: Times scale = 0.9897018604180033.


Package fontspec Info: Times scale = 0.9897018604180032.


Package fontspec Info: Times scale = 0.9897018604180032.


Package fontspec Info: Times scale = 0.9897018604180032.


Package fontspec Info: Times scale = 0.9897018604180032.


Package fontspec Info: Times scale = 0.9897018604180032.


Package fontspec Info: Times scale = 0.9897018604180032.


Package fontspec Info: Times scale = 0.9897018604180032.


Package fontspec Info: Times scale = 0.9897018604180032.


Package fontspec Info: Times scale = 0.9897018604180032.


Package fontspec Info: Times scale = 0.9897018604180032.


Package fontspec Info: Times scale = 0.9897018604180032.


Package fontspec Info: Times scale = 0.9897018604180032.


Package fontspec Info: Times scale = 0.9897018604180032.


Package fontspec Info: Times scale = 0.9897018604180032.


Package fontspec Info: Times scale = 0.9897018604180032.


Package fontspec Info: Times scale = 0.9897018604180032.


Package fontspec Info: Times scale = 0.9897018604180032.


Package fontspec Info: Times scale = 0.9897018604180032.


Package fontspec Info: Times scale = 0.9897018604180032.


Package fontspec Info: Times scale = 0.9897018604180032.


Package fontspec Info: Times scale = 0.9897018604180032.


Package fontspec Info: Times scale = 0.9897018604180032.


Package fontspec Info: Times scale = 0.9897018604180032.


Package fontspec Info: Times scale = 0.9897018604180032.


Package fontspec Info: Times scale = 0.9897018604180032.


Package fontspec Info: Times scale = 0.9897018604180032.


Package fontspec Info: Times scale = 0.9897018604180032.


Package fontspec Info: Times scale = 0.9897018604180032.


Package fontspec Info: Times scale = 0.9897018604180032.


Package fontspec Info: Times scale = 0.9897018604180032.


Package fontspec Info: Times scale = 0.9897018604180032.


Package fontspec Info: Times scale = 0.9897018604180032.


Package fancyhdr Warning: \headheight is too small (12.0pt): 
(fancyhdr)                Make it at least 24.39886pt, for example:
(fancyhdr)                \setlength{\headheight}{24.39886pt}.
(fancyhdr)                You might also make \topmargin smaller to compensate:
(fancyhdr)                \addtolength{\topmargin}{-12.39886pt}.

[7]

Package fancyhdr Warning: \headheight is too small (12.0pt): 
(fancyhdr)                Make it at least 24.23285pt, for example:
(fancyhdr)                \setlength{\headheight}{24.23285pt}.
(fancyhdr)                You might also make \topmargin smaller to compensate:
(fancyhdr)                \addtolength{\topmargin}{-12.23285pt}.

[8]

Package fontspec Info: Times scale = 0.9897018604180032.


Package fontspec Info: Times scale = 0.9897018604180032.


Package fontspec Info: Times scale = 0.9897018604180032.


Package fontspec Info: Times scale = 0.9897018604180032.


Package fontspec Info: Times scale = 0.9897018604180032.


Package fontspec Info: Times scale = 0.989701860418003.

LaTeX Font Info:    Font shape `TU/Times(0)/m/n' will be
(Font)              scaled to size 7.0pt on input line 923.

Package fontspec Info: Times scale = 0.9897018604180032.


Package fontspec Info: Times scale = 0.989701860418003.


Package fontspec Info: Times scale = 0.9897018604180032.


Package fontspec Info: Times scale = 0.9897018604180032.


Package fontspec Info: Times scale = 0.9897018604180032.


Package fontspec Info: Times scale = 0.9897018604180032.


Package fontspec Info: Times scale = 0.9897018604180032.


Package fontspec Info: Times scale = 0.989701860418003.


Package fontspec Info: Times scale = 0.9897018604180032.


Package fontspec Info: Times scale = 0.989701860418003.

LaTeX Font Info:    Font shape `TU/latinmodern-math.otf(1)/m/n' will be
(Font)              scaled to size 8.30188pt on input line 943.
LaTeX Font Info:    Font shape `TU/latinmodern-math.otf(1)/m/n' will be
(Font)              scaled to size 6.22641pt on input line 943.
LaTeX Font Info:    Font shape `TU/latinmodern-math.otf(2)/m/n' will be
(Font)              scaled to size 8.30273pt on input line 943.
LaTeX Font Info:    Font shape `TU/latinmodern-math.otf(2)/m/n' will be
(Font)              scaled to size 6.22705pt on input line 943.
LaTeX Font Info:    Font shape `TU/latinmodern-math.otf(3)/m/n' will be
(Font)              scaled to size 8.30103pt on input line 943.
LaTeX Font Info:    Font shape `TU/latinmodern-math.otf(3)/m/n' will be
(Font)              scaled to size 6.22577pt on input line 943.
LaTeX Font Info:    Font shape `TU/TimesNewRoman(0)/m/n' will be
(Font)              scaled to size 6.0pt on input line 943.

Package fontspec Info: Times scale = 0.9896962910024027.

LaTeX Font Info:    Font shape `TU/Times(0)/m/n' will be
(Font)              scaled to size 6.0pt on input line 943.

Package fontspec Info: Times scale = 0.9897018604180032.

LaTeX Font Info:    Font shape `TU/Times(0)/m/n' will be
(Font)              scaled to size 8.0pt on input line 943.

Package fontspec Info: Times scale = 0.9897018604180032.


Package fontspec Info: Times scale = 0.9897018604180032.


Package fontspec Info: Times scale = 0.9897018604180032.


Package fontspec Info: Times scale = 0.9897018604180032.


Package fontspec Info: Times scale = 0.9897018604180032.


Package fontspec Info: Times scale = 0.9897018604180032.


Package fontspec Info: Times scale = 0.9897018604180032.


Package fontspec Info: Times scale = 0.9897018604180032.


Package fontspec Info: Times scale = 0.9897018604180032.


Package fontspec Info: Times scale = 0.9897018604180032.


Package fontspec Info: Times scale = 0.9897018604180032.


Package fontspec Info: Times scale = 0.9897018604180032.


Package fontspec Info: Times scale = 0.9897018604180032.


Package fontspec Info: Times scale = 0.9897018604180032.


Package fontspec Info: Times scale = 0.9897018604180032.


Package fontspec Info: Times scale = 0.9897018604180032.


Package fontspec Info: Times scale = 0.9897018604180032.


Package fontspec Info: Times scale = 0.9897018604180032.


Package fontspec Info: Times scale = 0.9897018604180032.


Package fontspec Info: Times scale = 0.9897018604180032.


Package fontspec Info: Times scale = 0.9897018604180032.


Package fontspec Info: Times scale = 0.9897018604180032.


Package fontspec Info: Times scale = 0.9897018604180032.


Package fontspec Info: Times scale = 0.9897018604180032.


Package fontspec Info: Times scale = 0.9897018604180032.


Package fontspec Info: Times scale = 0.9897018604180032.


Package fontspec Info: Times scale = 0.9897018604180032.


Package fontspec Info: Times scale = 0.9897018604180032.


Package fontspec Info: Times scale = 0.9897018604180032.


Package fontspec Info: Times scale = 0.9897018604180032.


Package fontspec Info: Times scale = 0.9897018604180032.


Package fontspec Info: Times scale = 0.9897018604180032.


Package fontspec Info: Times scale = 0.9897018604180032.


Package fontspec Info: Times scale = 0.9897018604180032.


Package fontspec Info: Times scale = 0.9897018604180032.


Package fontspec Info: Times scale = 0.9897018604180032.


Package fontspec Info: Times scale = 0.9897018604180032.


Package fontspec Info: Times scale = 0.9897018604180032.


Package fontspec Info: Times scale = 0.9897018604180032.


Package fontspec Info: Times scale = 0.9897018604180032.


Package fontspec Info: Times scale = 0.9897018604180032.


Package fontspec Info: Times scale = 0.9897018604180032.


Package fontspec Info: Times scale = 0.9897018604180032.


Package fontspec Info: Times scale = 0.9897018604180032.


Package fontspec Info: Times scale = 0.9897018604180032.


Package fontspec Info: Times scale = 0.9897018604180032.


Package fontspec Info: Times scale = 0.9897018604180032.


Package fontspec Info: Times scale = 0.9897018604180032.


Package fontspec Info: Times scale = 0.9897018604180032.


Package fontspec Info: Times scale = 0.9897018604180032.


Package fontspec Info: Times scale = 0.9897018604180032.


Package fontspec Info: Times scale = 0.9897018604180032.


Package fontspec Info: Times scale = 0.9897018604180032.


Package fontspec Info: Times scale = 0.9897018604180032.


Package fontspec Info: Times scale = 0.9897018604180032.


Package fontspec Info: Times scale = 0.9897018604180032.


Package fontspec Info: Times scale = 0.9897018604180032.


Package fontspec Info: Times scale = 0.9897018604180032.


Package fontspec Info: Times scale = 0.9897018604180032.


Package fontspec Info: Times scale = 0.9897018604180032.


Package fontspec Info: Times scale = 0.9897018604180032.


Package fontspec Info: Times scale = 0.9897018604180032.


Package fontspec Info: Times scale = 0.9897018604180032.


Package fontspec Info: Times scale = 0.9897018604180032.


Package fontspec Info: Times scale = 0.9897018604180032.


Package fontspec Info: Times scale = 0.9897018604180032.


Package fontspec Info: Times scale = 0.9897018604180032.


Package fontspec Info: Times scale = 0.9897018604180032.


Package fontspec Info: Times scale = 0.9897018604180032.


Package fontspec Info: Times scale = 0.9897018604180032.


Package fontspec Info: Times scale = 0.9897018604180032.


Package fontspec Info: Times scale = 0.9897018604180032.


Package fontspec Info: Times scale = 0.9897018604180032.


Package fontspec Info: Times scale = 0.9897018604180032.


Package fontspec Info: Times scale = 0.9897018604180032.


Package fontspec Info: Times scale = 0.9897018604180032.


Package fontspec Info: Times scale = 0.9897018604180032.


Package fontspec Info: Times scale = 0.9897018604180032.


Package fontspec Info: Times scale = 0.9897018604180032.


Package fontspec Info: Times scale = 0.9897018604180032.


Package fontspec Info: Times scale = 0.9897018604180032.


Package fontspec Info: Times scale = 0.9897018604180032.


Package fontspec Info: Times scale = 0.9897018604180032.


Package fontspec Info: Times scale = 0.9897018604180032.


Package fontspec Info: Times scale = 0.9897018604180032.


Package fancyhdr Warning: \headheight is too small (12.0pt): 
(fancyhdr)                Make it at least 24.23285pt, for example:
(fancyhdr)                \setlength{\headheight}{24.23285pt}.
(fancyhdr)                You might also make \topmargin smaller to compensate:
(fancyhdr)                \addtolength{\topmargin}{-12.23285pt}.

[9]
LaTeX Font Info:    Font shape `TU/TimesNewRoman(0)/m/it' will be
(Font)              scaled to size 8.0pt on input line 1177.
Missing character: There is no  (U+2011) in font Times New Roman/OT:script=latn;language=dflt;mapping=tex-text;!

Package fancyhdr Warning: \headheight is too small (12.0pt): 
(fancyhdr)                Make it at least 24.23285pt, for example:
(fancyhdr)                \setlength{\headheight}{24.23285pt}.
(fancyhdr)                You might also make \topmargin smaller to compensate:
(fancyhdr)                \addtolength{\topmargin}{-12.23285pt}.

[10]
Missing character: There is no  (U+2011) in font Times New Roman/OT:script=latn;language=dflt;mapping=tex-text;!

Package fancyhdr Warning: \headheight is too small (12.0pt): 
(fancyhdr)                Make it at least 24.23285pt, for example:
(fancyhdr)                \setlength{\headheight}{24.23285pt}.
(fancyhdr)                You might also make \topmargin smaller to compensate:
(fancyhdr)                \addtolength{\topmargin}{-12.23285pt}.

[11]

Package fancyhdr Warning: \headheight is too small (12.0pt): 
(fancyhdr)                Make it at least 24.23285pt, for example:
(fancyhdr)                \setlength{\headheight}{24.23285pt}.
(fancyhdr)                You might also make \topmargin smaller to compensate:
(fancyhdr)                \addtolength{\topmargin}{-12.23285pt}.

[12]
Missing character: There is no  (U+2011) in font Times New Roman/OT:script=latn;language=dflt;mapping=tex-text;!
Missing character: There is no  (U+2011) in font Times New Roman/OT:script=latn;language=dflt;mapping=tex-text;!

Package fancyhdr Warning: \headheight is too small (12.0pt): 
(fancyhdr)                Make it at least 24.23285pt, for example:
(fancyhdr)                \setlength{\headheight}{24.23285pt}.
(fancyhdr)                You might also make \topmargin smaller to compensate:
(fancyhdr)                \addtolength{\topmargin}{-12.23285pt}.

[13] (./Chapitre4.aux)

LaTeX Font Warning: Some font shapes were not available, defaults substituted.

Package rerunfilecheck Info: File `Chapitre4.out' has not changed.
(rerunfilecheck)             Checksum: E194632A7031BB230F0E6B7DA03C6254;3786.
 ) 
Here is how much of TeX's memory you used:
 25433 strings out of 477845
 461909 string characters out of 5844640
 952497 words of memory out of 5000000
 45988 multiletter control sequences out of 15000+600000
 475085 words of font info for 117 fonts, out of 8000000 for 9000
 14 hyphenation exceptions out of 8191
 86i,11n,128p,1260b,580s stack positions out of 10000i,1000n,20000p,200000b,200000s

Output written on Chapitre4.pdf (13 pages).
